<?xml version="1.0" encoding="UTF-8"?>
<!-- Generated by org.testng.reporters.JUnitReportReporter -->
<testsuite skipped="0" hostname="dell-kun" name="com.amaysim.cart.ShoppingTest" tests="4" failures="0" timestamp="08 May 2017 18:15:41 GMT" time="0.010" errors="0">
  <testcase name="calculateScenario4" time="0.001" classname="com.amaysim.cart.ShoppingTest"/>
  <testcase name="calculateScenario3" time="0.001" classname="com.amaysim.cart.ShoppingTest"/>
  <testcase name="calculateScenario1" time="0.007" classname="com.amaysim.cart.ShoppingTest"/>
  <testcase name="calculateScenario2" time="0.001" classname="com.amaysim.cart.ShoppingTest"/>
</testsuite> <!-- com.amaysim.cart.ShoppingTest -->
